{"timestamp":"2025-09-25 23:59:02.770","level":"INFO ","traceId":"","thread":"background-preinit","logger":"o.h.validator.internal.util.Version","message":"HV000001: Hibernate Validator 8.0.1.Final"}
{"timestamp":"2025-09-25 23:59:02.797","level":"INFO ","traceId":"","thread":"Test worker","logger":"c.s.b.p.s.ProductServiceIntegrationTest","message":"Starting ProductServiceIntegrationTest using Java 17.0.13 with PID 91732 (started by gaonnuri in /Users/gaonnuri/Documents/intellij-workspace/commerce-backend/b2c)"}
{"timestamp":"2025-09-25 23:59:02.798","level":"INFO ","traceId":"","thread":"Test worker","logger":"c.s.b.p.s.ProductServiceIntegrationTest","message":"No active profile set, falling back to 1 default profile: \"default\""}
{"timestamp":"2025-09-25 23:59:02.982","level":"INFO ","traceId":"","thread":"Test worker","logger":"o.s.d.r.c.RepositoryConfigurationDelegate","message":"Multiple Spring Data modules found, entering strict repository configuration mode"}
{"timestamp":"2025-09-25 23:59:02.982","level":"INFO ","traceId":"","thread":"Test worker","logger":"o.s.d.r.c.RepositoryConfigurationDelegate","message":"Bootstrapping Spring Data JPA repositories in DEFAULT mode."}
{"timestamp":"2025-09-25 23:59:02.988","level":"INFO ","traceId":"","thread":"Test worker","logger":"o.s.c.i.s.PathMatchingResourcePatternResolver","message":"Skipping search for files matching pattern [**/*.class]: directory [/Users/gaonnuri/Documents/intellij-workspace/commerce-backend/b2c/build/classes/java/test/com/sparta/impostor/commerce/backend/domain] does not exist"}
{"timestamp":"2025-09-25 23:59:02.988","level":"INFO ","traceId":"","thread":"Test worker","logger":"o.s.c.i.s.PathMatchingResourcePatternResolver","message":"Skipping search for files matching pattern [**/*.class]: directory [/Users/gaonnuri/Documents/intellij-workspace/commerce-backend/b2c/build/classes/java/main/com/sparta/impostor/commerce/backend/domain] does not exist"}
{"timestamp":"2025-09-25 23:59:03.106","level":"INFO ","traceId":"","thread":"Test worker","logger":"o.s.c.i.s.PathMatchingResourcePatternResolver","message":"Skipping search for files matching pattern [**/*Impl.class]: directory [/Users/gaonnuri/Documents/intellij-workspace/commerce-backend/b2c/build/classes/java/test/com/sparta/impostor/commerce/backend/domain] does not exist"}
{"timestamp":"2025-09-25 23:59:03.107","level":"INFO ","traceId":"","thread":"Test worker","logger":"o.s.c.i.s.PathMatchingResourcePatternResolver","message":"Skipping search for files matching pattern [**/*Impl.class]: directory [/Users/gaonnuri/Documents/intellij-workspace/commerce-backend/b2c/build/classes/java/main/com/sparta/impostor/commerce/backend/domain] does not exist"}
{"timestamp":"2025-09-25 23:59:03.121","level":"INFO ","traceId":"","thread":"Test worker","logger":"o.s.d.r.c.RepositoryConfigurationDelegate","message":"Finished Spring Data repository scanning in 134 ms. Found 6 JPA repository interfaces."}
{"timestamp":"2025-09-25 23:59:03.212","level":"INFO ","traceId":"","thread":"Test worker","logger":"o.s.b.t.a.j.TestDatabaseAutoConfiguration$EmbeddedDataSourceBeanFactoryPostProcessor","message":"Replacing 'dataSource' DataSource bean with embedded version"}
{"timestamp":"2025-09-25 23:59:03.313","level":"INFO ","traceId":"","thread":"Test worker","logger":"o.s.j.d.e.EmbeddedDatabaseFactory","message":"Starting embedded database: url='jdbc:h2:mem:d018fdc4-9328-4db4-a872-4888e56d569f;DB_CLOSE_DELAY=-1;DB_CLOSE_ON_EXIT=false', username='sa'"}
{"timestamp":"2025-09-25 23:59:03.430","level":"INFO ","traceId":"","thread":"Test worker","logger":"o.s.c.i.s.PathMatchingResourcePatternResolver","message":"Skipping search for files matching pattern [**/*.class]: directory [/Users/gaonnuri/Documents/intellij-workspace/commerce-backend/b2c/build/classes/java/test/com/sparta/impostor/commerce/backend/domain] does not exist"}
{"timestamp":"2025-09-25 23:59:03.431","level":"INFO ","traceId":"","thread":"Test worker","logger":"o.s.c.i.s.PathMatchingResourcePatternResolver","message":"Skipping search for files matching pattern [**/*.class]: directory [/Users/gaonnuri/Documents/intellij-workspace/commerce-backend/b2c/build/classes/java/main/com/sparta/impostor/commerce/backend/domain] does not exist"}
{"timestamp":"2025-09-25 23:59:03.444","level":"INFO ","traceId":"","thread":"Test worker","logger":"o.h.jpa.internal.util.LogHelper","message":"HHH000204: Processing PersistenceUnitInfo [name: default]"}
{"timestamp":"2025-09-25 23:59:03.470","level":"INFO ","traceId":"","thread":"Test worker","logger":"org.hibernate.Version","message":"HHH000412: Hibernate ORM core version 6.6.2.Final"}
{"timestamp":"2025-09-25 23:59:03.486","level":"INFO ","traceId":"","thread":"Test worker","logger":"o.h.c.i.RegionFactoryInitiator","message":"HHH000026: Second-level cache disabled"}
{"timestamp":"2025-09-25 23:59:03.562","level":"INFO ","traceId":"","thread":"Test worker","logger":"o.s.o.j.p.SpringPersistenceUnitInfo","message":"No LoadTimeWeaver setup: ignoring JPA class transformer"}
{"timestamp":"2025-09-25 23:59:03.588","level":"WARN ","traceId":"","thread":"Test worker","logger":"org.hibernate.orm.deprecation","message":"HHH90000025: H2Dialect does not need to be specified explicitly using 'hibernate.dialect' (remove the property setting and it will be selected by default)"}
{"timestamp":"2025-09-25 23:59:03.599","level":"INFO ","traceId":"","thread":"Test worker","logger":"o.hibernate.orm.connections.pooling","message":"HHH10001005: Database info:\n\tDatabase JDBC URL [Connecting through datasource 'org.springframework.jdbc.datasource.embedded.EmbeddedDatabaseFactory$EmbeddedDataSourceProxy@29693b1d']\n\tDatabase driver: undefined/unknown\n\tDatabase version: 2.3.232\n\tAutocommit mode: undefined/unknown\n\tIsolation level: undefined/unknown\n\tMinimum pool size: undefined/unknown\n\tMaximum pool size: undefined/unknown"}
{"timestamp":"2025-09-25 23:59:04.066","level":"INFO ","traceId":"","thread":"Test worker","logger":"o.h.e.t.j.p.i.JtaPlatformInitiator","message":"HHH000489: No JTA platform available (set 'hibernate.transaction.jta.platform' to enable JTA platform integration)"}
{"timestamp":"2025-09-25 23:59:04.103","level":"INFO ","traceId":"","thread":"Test worker","logger":"o.s.o.j.LocalContainerEntityManagerFactoryBean","message":"Initialized JPA EntityManagerFactory for persistence unit 'default'"}
{"timestamp":"2025-09-25 23:59:04.416","level":"INFO ","traceId":"","thread":"Test worker","logger":"c.s.b.p.s.ProductServiceIntegrationTest","message":"Started ProductServiceIntegrationTest in 1.974 seconds (process running for 3.1)"}
{"timestamp":"2025-09-25 23:59:05.216","level":"INFO ","traceId":"","thread":"Test worker","logger":"o.s.t.c.s.AnnotationConfigContextLoaderUtils","message":"Could not detect default configuration classes for test class [com.sparta.b2c.product.service.RelatedProductRetrieveTest]: RelatedProductRetrieveTest does not declare any static, non-private, non-final, nested classes annotated with @Configuration."}
{"timestamp":"2025-09-25 23:59:05.220","level":"INFO ","traceId":"","thread":"Test worker","logger":"o.s.b.t.c.SpringBootTestContextBootstrapper","message":"Found @SpringBootConfiguration com.sparta.b2c.B2cApplication for test class com.sparta.b2c.product.service.RelatedProductRetrieveTest"}
{"timestamp":"2025-09-25 23:59:05.488","level":"INFO ","traceId":"","thread":"SpringApplicationShutdownHook","logger":"o.s.o.j.LocalContainerEntityManagerFactoryBean","message":"Closing JPA EntityManagerFactory for persistence unit 'default'"}
